{
  "numTotalTestSuites": 11,
  "numPassedTestSuites": 2,
  "numFailedTestSuites": 9,
  "numPendingTestSuites": 0,
  "numTotalTests": 8,
  "numPassedTests": 3,
  "numFailedTests": 5,
  "numPendingTests": 0,
  "numTodoTests": 0,
  "snapshot": {
    "added": 0,
    "failure": false,
    "filesAdded": 0,
    "filesRemoved": 0,
    "filesRemovedList": [],
    "filesUnmatched": 0,
    "filesUpdated": 0,
    "matched": 0,
    "total": 0,
    "unchecked": 0,
    "uncheckedKeysByFile": [],
    "unmatched": 0,
    "updated": 0,
    "didUpdate": false
  },
  "startTime": 1765874078612,
  "success": false,
  "testResults": [
    {
      "assertionResults": [],
      "startTime": 1765874078612,
      "endTime": 1765874078612,
      "status": "failed",
      "message": "Vitest cannot be imported in a CommonJS module using require(). Please use \"import\" instead.\n\nIf you are using \"import\" in your source code, then it's possible it was bundled into require() automatically by your bundler. In that case, do not bundle CommonJS output since it will never work with Vitest, or use dynamic import() which is available in all CommonJS modules.",
      "name": "/Users/danielgoldberg/Desktop/A1-Inter-LLM-Com/The-New-Fuse/packages/deployment-core/src/core/CICDPipeline.test.js"
    },
    {
      "assertionResults": [
        {
          "ancestorTitles": ["CICDPipeline", "triggerBuild"],
          "fullName": "CICDPipeline triggerBuild should trigger a build successfully",
          "status": "failed",
          "title": "should trigger a build successfully",
          "duration": 24.41679699999986,
          "failureMessages": [
            "ReferenceError: jest is not defined\n    at /Users/danielgoldberg/Desktop/A1-Inter-LLM-Com/The-New-Fuse/packages/deployment-core/src/core/CICDPipeline.test.ts:92:7\n    at file:///Users/danielgoldberg/Desktop/A1-Inter-LLM-Com/The-New-Fuse/node_modules/@vitest/runner/dist/index.js:145:11\n    at file:///Users/danielgoldberg/Desktop/A1-Inter-LLM-Com/The-New-Fuse/node_modules/@vitest/runner/dist/index.js:915:26\n    at file:///Users/danielgoldberg/Desktop/A1-Inter-LLM-Com/The-New-Fuse/node_modules/@vitest/runner/dist/index.js:1240:20\n    at new Promise (<anonymous>)\n    at runWithTimeout (file:///Users/danielgoldberg/Desktop/A1-Inter-LLM-Com/The-New-Fuse/node_modules/@vitest/runner/dist/index.js:1206:10)\n    at file:///Users/danielgoldberg/Desktop/A1-Inter-LLM-Com/The-New-Fuse/node_modules/@vitest/runner/dist/index.js:1650:37\n    at Traces.$ (file:///Users/danielgoldberg/Desktop/A1-Inter-LLM-Com/The-New-Fuse/node_modules/vitest/dist/chunks/traces.U4xDYhzZ.js:115:27)\n    at trace (file:///Users/danielgoldberg/Desktop/A1-Inter-LLM-Com/The-New-Fuse/node_modules/vitest/dist/chunks/test.BT8LKgU9.js:239:21)\n    at runTest (file:///Users/danielgoldberg/Desktop/A1-Inter-LLM-Com/The-New-Fuse/node_modules/@vitest/runner/dist/index.js:1650:12)"
          ],
          "meta": {}
        },
        {
          "ancestorTitles": ["CICDPipeline", "triggerBuild"],
          "fullName": "CICDPipeline triggerBuild should handle build trigger failure",
          "status": "failed",
          "title": "should handle build trigger failure",
          "duration": 61.15602200000012,
          "failureMessages": [
            "ReferenceError: jest is not defined\n    at /Users/danielgoldberg/Desktop/A1-Inter-LLM-Com/The-New-Fuse/packages/deployment-core/src/core/CICDPipeline.test.ts:118:7\n    at file:///Users/danielgoldberg/Desktop/A1-Inter-LLM-Com/The-New-Fuse/node_modules/@vitest/runner/dist/index.js:145:11\n    at file:///Users/danielgoldberg/Desktop/A1-Inter-LLM-Com/The-New-Fuse/node_modules/@vitest/runner/dist/index.js:915:26\n    at file:///Users/danielgoldberg/Desktop/A1-Inter-LLM-Com/The-New-Fuse/node_modules/@vitest/runner/dist/index.js:1240:20\n    at new Promise (<anonymous>)\n    at runWithTimeout (file:///Users/danielgoldberg/Desktop/A1-Inter-LLM-Com/The-New-Fuse/node_modules/@vitest/runner/dist/index.js:1206:10)\n    at file:///Users/danielgoldberg/Desktop/A1-Inter-LLM-Com/The-New-Fuse/node_modules/@vitest/runner/dist/index.js:1650:37\n    at Traces.$ (file:///Users/danielgoldberg/Desktop/A1-Inter-LLM-Com/The-New-Fuse/node_modules/vitest/dist/chunks/traces.U4xDYhzZ.js:115:27)\n    at trace (file:///Users/danielgoldberg/Desktop/A1-Inter-LLM-Com/The-New-Fuse/node_modules/vitest/dist/chunks/test.BT8LKgU9.js:239:21)\n    at runTest (file:///Users/danielgoldberg/Desktop/A1-Inter-LLM-Com/The-New-Fuse/node_modules/@vitest/runner/dist/index.js:1650:12)"
          ],
          "meta": {}
        },
        {
          "ancestorTitles": ["CICDPipeline", "executePipeline"],
          "fullName": "CICDPipeline executePipeline should execute a simple pipeline successfully",
          "status": "failed",
          "title": "should execute a simple pipeline successfully",
          "duration": 0.9412419999998747,
          "failureMessages": [
            "ReferenceError: jest is not defined\n    at /Users/danielgoldberg/Desktop/A1-Inter-LLM-Com/The-New-Fuse/packages/deployment-core/src/core/CICDPipeline.test.ts:134:7\n    at file:///Users/danielgoldberg/Desktop/A1-Inter-LLM-Com/The-New-Fuse/node_modules/@vitest/runner/dist/index.js:145:11\n    at file:///Users/danielgoldberg/Desktop/A1-Inter-LLM-Com/The-New-Fuse/node_modules/@vitest/runner/dist/index.js:915:26\n    at file:///Users/danielgoldberg/Desktop/A1-Inter-LLM-Com/The-New-Fuse/node_modules/@vitest/runner/dist/index.js:1240:20\n    at new Promise (<anonymous>)\n    at runWithTimeout (file:///Users/danielgoldberg/Desktop/A1-Inter-LLM-Com/The-New-Fuse/node_modules/@vitest/runner/dist/index.js:1206:10)\n    at file:///Users/danielgoldberg/Desktop/A1-Inter-LLM-Com/The-New-Fuse/node_modules/@vitest/runner/dist/index.js:1650:37\n    at Traces.$ (file:///Users/danielgoldberg/Desktop/A1-Inter-LLM-Com/The-New-Fuse/node_modules/vitest/dist/chunks/traces.U4xDYhzZ.js:115:27)\n    at trace (file:///Users/danielgoldberg/Desktop/A1-Inter-LLM-Com/The-New-Fuse/node_modules/vitest/dist/chunks/test.BT8LKgU9.js:239:21)\n    at runTest (file:///Users/danielgoldberg/Desktop/A1-Inter-LLM-Com/The-New-Fuse/node_modules/@vitest/runner/dist/index.js:1650:12)"
          ],
          "meta": {}
        },
        {
          "ancestorTitles": ["CICDPipeline", "executePipeline"],
          "fullName": "CICDPipeline executePipeline should fail pipeline execution with invalid configuration",
          "status": "failed",
          "title": "should fail pipeline execution with invalid configuration",
          "duration": 1.6201359999995475,
          "failureMessages": [
            "ReferenceError: jest is not defined\n    at /Users/danielgoldberg/Desktop/A1-Inter-LLM-Com/The-New-Fuse/packages/deployment-core/src/core/CICDPipeline.test.ts:154:7\n    at file:///Users/danielgoldberg/Desktop/A1-Inter-LLM-Com/The-New-Fuse/node_modules/@vitest/runner/dist/index.js:145:11\n    at file:///Users/danielgoldberg/Desktop/A1-Inter-LLM-Com/The-New-Fuse/node_modules/@vitest/runner/dist/index.js:915:26\n    at file:///Users/danielgoldberg/Desktop/A1-Inter-LLM-Com/The-New-Fuse/node_modules/@vitest/runner/dist/index.js:1240:20\n    at new Promise (<anonymous>)\n    at runWithTimeout (file:///Users/danielgoldberg/Desktop/A1-Inter-LLM-Com/The-New-Fuse/node_modules/@vitest/runner/dist/index.js:1206:10)\n    at file:///Users/danielgoldberg/Desktop/A1-Inter-LLM-Com/The-New-Fuse/node_modules/@vitest/runner/dist/index.js:1650:37\n    at Traces.$ (file:///Users/danielgoldberg/Desktop/A1-Inter-LLM-Com/The-New-Fuse/node_modules/vitest/dist/chunks/traces.U4xDYhzZ.js:115:27)\n    at trace (file:///Users/danielgoldberg/Desktop/A1-Inter-LLM-Com/The-New-Fuse/node_modules/vitest/dist/chunks/test.BT8LKgU9.js:239:21)\n    at runTest (file:///Users/danielgoldberg/Desktop/A1-Inter-LLM-Com/The-New-Fuse/node_modules/@vitest/runner/dist/index.js:1650:12)"
          ],
          "meta": {}
        },
        {
          "ancestorTitles": ["CICDPipeline", "validatePipeline"],
          "fullName": "CICDPipeline validatePipeline should validate a correct pipeline definition",
          "status": "passed",
          "title": "should validate a correct pipeline definition",
          "duration": 7.234175999999934,
          "failureMessages": [],
          "meta": {}
        },
        {
          "ancestorTitles": ["CICDPipeline", "validatePipeline"],
          "fullName": "CICDPipeline validatePipeline should detect validation errors in pipeline definition",
          "status": "passed",
          "title": "should detect validation errors in pipeline definition",
          "duration": 64.41303499999958,
          "failureMessages": [],
          "meta": {}
        },
        {
          "ancestorTitles": ["CICDPipeline", "monitorPipeline"],
          "fullName": "CICDPipeline monitorPipeline should return pipeline status for running pipeline",
          "status": "failed",
          "title": "should return pipeline status for running pipeline",
          "duration": 4.9843760000003385,
          "failureMessages": [
            "ReferenceError: jest is not defined\n    at /Users/danielgoldberg/Desktop/A1-Inter-LLM-Com/The-New-Fuse/packages/deployment-core/src/core/CICDPipeline.test.ts:228:7\n    at file:///Users/danielgoldberg/Desktop/A1-Inter-LLM-Com/The-New-Fuse/node_modules/@vitest/runner/dist/index.js:145:11\n    at file:///Users/danielgoldberg/Desktop/A1-Inter-LLM-Com/The-New-Fuse/node_modules/@vitest/runner/dist/index.js:915:26\n    at file:///Users/danielgoldberg/Desktop/A1-Inter-LLM-Com/The-New-Fuse/node_modules/@vitest/runner/dist/index.js:1240:20\n    at new Promise (<anonymous>)\n    at runWithTimeout (file:///Users/danielgoldberg/Desktop/A1-Inter-LLM-Com/The-New-Fuse/node_modules/@vitest/runner/dist/index.js:1206:10)\n    at file:///Users/danielgoldberg/Desktop/A1-Inter-LLM-Com/The-New-Fuse/node_modules/@vitest/runner/dist/index.js:1650:37\n    at Traces.$ (file:///Users/danielgoldberg/Desktop/A1-Inter-LLM-Com/The-New-Fuse/node_modules/vitest/dist/chunks/traces.U4xDYhzZ.js:115:27)\n    at trace (file:///Users/danielgoldberg/Desktop/A1-Inter-LLM-Com/The-New-Fuse/node_modules/vitest/dist/chunks/test.BT8LKgU9.js:239:21)\n    at runTest (file:///Users/danielgoldberg/Desktop/A1-Inter-LLM-Com/The-New-Fuse/node_modules/@vitest/runner/dist/index.js:1650:12)"
          ],
          "meta": {}
        },
        {
          "ancestorTitles": ["CICDPipeline", "getPipelineMetrics"],
          "fullName": "CICDPipeline getPipelineMetrics should return pipeline metrics for specified time range",
          "status": "passed",
          "title": "should return pipeline metrics for specified time range",
          "duration": 3.005087999999887,
          "failureMessages": [],
          "meta": {}
        }
      ],
      "startTime": 1765874086056,
      "endTime": 1765874086225.0051,
      "status": "failed",
      "message": "",
      "name": "/Users/danielgoldberg/Desktop/A1-Inter-LLM-Com/The-New-Fuse/packages/deployment-core/src/core/CICDPipeline.test.ts"
    },
    {
      "assertionResults": [],
      "startTime": 1765874078612,
      "endTime": 1765874078612,
      "status": "failed",
      "message": "Parse failure: Unexpected token `:`. Expected identifier, string literal, numeric literal or [ for the computed key\nAt file: /src/infrastructure/InfrastructureManager.test.js:83:40",
      "name": "/Users/danielgoldberg/Desktop/A1-Inter-LLM-Com/The-New-Fuse/packages/deployment-core/src/infrastructure/InfrastructureManager.test.js"
    },
    {
      "assertionResults": [],
      "startTime": 1765874078612,
      "endTime": 1765874078612,
      "status": "failed",
      "message": "Parse failure: Unexpected token `,`. Expected yield, an identifier, [ or {\nAt file: /src/infrastructure/InfrastructureManager.js:178:19",
      "name": "/Users/danielgoldberg/Desktop/A1-Inter-LLM-Com/The-New-Fuse/packages/deployment-core/src/infrastructure/InfrastructureManager.test.ts"
    },
    {
      "assertionResults": [],
      "startTime": 1765874078612,
      "endTime": 1765874078612,
      "status": "failed",
      "message": "jest is not defined",
      "name": "/Users/danielgoldberg/Desktop/A1-Inter-LLM-Com/The-New-Fuse/packages/deployment-core/src/testing/TestOrchestrator.test.ts"
    }
  ]
}
